<?xml version="1.0" encoding="UTF-8"?><testsuite errors="0" failures="0" name="com.gorest.curdTest.UserCURDTest" skipped="0" tests="4" time="13.22" timestamp="2023-06-04T17:32:51.265+01:00[Europe/London]"><testcase classname="com.gorest.curdTest.UserCURDTest" name="This will create new user"/><testcase classname="com.gorest.curdTest.UserCURDTest" name="Verify if the user was added to the application"/><testcase classname="com.gorest.curdTest.UserCURDTest" name="Update the user information and verify the updated information"/><testcase classname="com.gorest.curdTest.UserCURDTest" name="Delete the user and verify if the user is deleted"/></testsuite>